\BOOKMARK [0][-]{figure.caption.4}{General Introduction}{}% 1
\BOOKMARK [0][-]{chapter.1}{General Context}{}% 2
\BOOKMARK [1][-]{section.1.1}{Presentation of the Host Organism}{chapter.1}% 3
\BOOKMARK [1][-]{section.1.2}{Problem Description}{chapter.1}% 4
\BOOKMARK [1][-]{section.1.3}{Objective and Proposed Solution}{chapter.1}% 5
\BOOKMARK [0][-]{chapter.2}{State of the art}{}% 6
\BOOKMARK [1][-]{section.2.1}{Industrial Networks}{chapter.2}% 7
\BOOKMARK [2][-]{subsection.2.1.1}{Fieldbus Systems}{section.2.1}% 8
\BOOKMARK [2][-]{subsection.2.1.2}{Industrial Ethernet}{section.2.1}% 9
\BOOKMARK [1][-]{section.2.2}{SafetyNETp protocol}{chapter.2}% 10
\BOOKMARK [2][-]{subsection.2.2.1}{Frame layout}{section.2.2}% 11
\BOOKMARK [2][-]{subsection.2.2.2}{RTFL}{section.2.2}% 12
\BOOKMARK [2][-]{subsection.2.2.3}{RTFN}{section.2.2}% 13
\BOOKMARK [1][-]{section.2.3}{Security Protocols}{chapter.2}% 14
\BOOKMARK [2][-]{subsection.2.3.1}{Secure Sockets Layer/Transport Layer Security}{section.2.3}% 15
\BOOKMARK [2][-]{subsection.2.3.2}{Datagram Transport Layer Security}{section.2.3}% 16
\BOOKMARK [2][-]{subsection.2.3.3}{Internet Protocol Security}{section.2.3}% 17
\BOOKMARK [1][-]{section.2.4}{Choice of Security Protocol}{chapter.2}% 18
\BOOKMARK [0][-]{chapter.3}{Requirement Analysis and Specification}{}% 19
\BOOKMARK [1][-]{section.3.1}{Threat Analysis}{chapter.3}% 20
\BOOKMARK [1][-]{section.3.2}{Requirement Analysis}{chapter.3}% 21
\BOOKMARK [2][-]{subsection.3.2.1}{Functional Requirements}{section.3.2}% 22
\BOOKMARK [2][-]{subsection.3.2.2}{Non-functional Requirements}{section.3.2}% 23
\BOOKMARK [1][-]{section.3.3}{Requirement Specification}{chapter.3}% 24
\BOOKMARK [0][-]{chapter.4}{Design}{}% 25
\BOOKMARK [1][-]{section.4.1}{Global Design}{chapter.4}% 26
\BOOKMARK [2][-]{subsection.4.1.1}{When To Establish The Handshake?}{section.4.1}% 27
\BOOKMARK [2][-]{subsection.4.1.2}{SafetyNETp and DTLS Role Mapping}{section.4.1}% 28
\BOOKMARK [2][-]{subsection.4.1.3}{Secure Communication}{section.4.1}% 29
\BOOKMARK [1][-]{section.4.2}{Detailed Design}{chapter.4}% 30
\BOOKMARK [2][-]{subsection.4.2.1}{Security Layer Positioning}{section.4.2}% 31
\BOOKMARK [2][-]{subsection.4.2.2}{Flowcharts for Outgoing Messages}{section.4.2}% 32
\BOOKMARK [2][-]{subsection.4.2.3}{Flowchart for Incoming Messages}{section.4.2}% 33
\BOOKMARK [2][-]{subsection.4.2.4}{First Subscription Vulnerability}{section.4.2}% 34
\BOOKMARK [2][-]{subsection.4.2.5}{Keying Materials Renewal}{section.4.2}% 35
\BOOKMARK [2][-]{subsection.4.2.6}{Session Closing}{section.4.2}% 36
\BOOKMARK [2][-]{subsection.4.2.7}{Frame Layout}{section.4.2}% 37
\BOOKMARK [0][-]{chapter.5}{Realization}{}% 38
\BOOKMARK [1][-]{section.5.1}{Work Environment}{chapter.5}% 39
\BOOKMARK [2][-]{subsection.5.1.1}{Software Environment}{section.5.1}% 40
\BOOKMARK [2][-]{subsection.5.1.2}{Hardware Environment}{section.5.1}% 41
\BOOKMARK [1][-]{section.5.2}{Implementation}{chapter.5}% 42
\BOOKMARK [2][-]{subsection.5.2.1}{DTLS Implementation Choice}{section.5.2}% 43
\BOOKMARK [2][-]{subsection.5.2.2}{SafetyNETp Plugin Implementation for Wireshark}{section.5.2}% 44
\BOOKMARK [2][-]{subsection.5.2.3}{Threads and Socket Managment}{section.5.2}% 45
\BOOKMARK [2][-]{subsection.5.2.4}{Channel Lookup}{section.5.2}% 46
\BOOKMARK [1][-]{section.5.3}{Implementation Demo and Performance Test}{chapter.5}% 47
\BOOKMARK [2][-]{subsection.5.3.1}{Demo}{section.5.3}% 48
\BOOKMARK [2][-]{subsection.5.3.2}{Performance Test}{section.5.3}% 49
\BOOKMARK [0][-]{section*.100}{General Conclusion}{}% 50
\BOOKMARK [0][-]{section*.100}{Bibliography}{}% 51
